<?xml version="1.0" encoding="UTF-8"?>
<testsuite name="d104.d104.D104ApplicationTests" tests="1" skipped="0" failures="0" errors="0" timestamp="2023-02-24T08:00:45" hostname="DESKTOP-KVCQHCD" time="0.344">
  <properties/>
  <testcase name="contextLoads()" classname="d104.d104.D104ApplicationTests" time="0.344"/>
  <system-out><![CDATA[17:00:43.878 [Test worker] DEBUG org.springframework.test.context.BootstrapUtils - Instantiating CacheAwareContextLoaderDelegate from class [org.springframework.test.context.cache.DefaultCacheAwareContextLoaderDelegate]
17:00:43.888 [Test worker] DEBUG org.springframework.test.context.BootstrapUtils - Instantiating BootstrapContext using constructor [public org.springframework.test.context.support.DefaultBootstrapContext(java.lang.Class,org.springframework.test.context.CacheAwareContextLoaderDelegate)]
17:00:43.916 [Test worker] DEBUG org.springframework.test.context.BootstrapUtils - Instantiating TestContextBootstrapper for test class [d104.d104.D104ApplicationTests] from class [org.springframework.boot.test.context.SpringBootTestContextBootstrapper]
17:00:43.927 [Test worker] INFO org.springframework.boot.test.context.SpringBootTestContextBootstrapper - Neither @ContextConfiguration nor @ContextHierarchy found for test class [d104.d104.D104ApplicationTests], using SpringBootContextLoader
17:00:43.931 [Test worker] DEBUG org.springframework.test.context.support.AbstractContextLoader - Did not detect default resource location for test class [d104.d104.D104ApplicationTests]: class path resource [d104/d104/D104ApplicationTests-context.xml] does not exist
17:00:43.931 [Test worker] DEBUG org.springframework.test.context.support.AbstractContextLoader - Did not detect default resource location for test class [d104.d104.D104ApplicationTests]: class path resource [d104/d104/D104ApplicationTestsContext.groovy] does not exist
17:00:43.932 [Test worker] INFO org.springframework.test.context.support.AbstractContextLoader - Could not detect default resource locations for test class [d104.d104.D104ApplicationTests]: no resource found for suffixes {-context.xml, Context.groovy}.
17:00:43.932 [Test worker] INFO org.springframework.test.context.support.AnnotationConfigContextLoaderUtils - Could not detect default configuration classes for test class [d104.d104.D104ApplicationTests]: D104ApplicationTests does not declare any static, non-private, non-final, nested classes annotated with @Configuration.
17:00:43.968 [Test worker] DEBUG org.springframework.test.context.support.ActiveProfilesUtils - Could not find an 'annotation declaring class' for annotation type [org.springframework.test.context.ActiveProfiles] and class [d104.d104.D104ApplicationTests]
17:00:44.023 [Test worker] DEBUG org.springframework.context.annotation.ClassPathScanningCandidateComponentProvider - Identified candidate component class: file [C:\Users\multicampus\Desktop\jenkins\jenkins\d104\build\classes\java\main\d104\d104\D104Application.class]
17:00:44.025 [Test worker] INFO org.springframework.boot.test.context.SpringBootTestContextBootstrapper - Found @SpringBootConfiguration d104.d104.D104Application for test class d104.d104.D104ApplicationTests
17:00:44.128 [Test worker] DEBUG org.springframework.boot.test.context.SpringBootTestContextBootstrapper - @TestExecutionListeners is not present for class [d104.d104.D104ApplicationTests]: using defaults.
17:00:44.128 [Test worker] INFO org.springframework.boot.test.context.SpringBootTestContextBootstrapper - Loaded default TestExecutionListener class names from location [META-INF/spring.factories]: [org.springframework.boot.test.autoconfigure.restdocs.RestDocsTestExecutionListener, org.springframework.boot.test.autoconfigure.web.client.MockRestServiceServerResetTestExecutionListener, org.springframework.boot.test.autoconfigure.web.servlet.MockMvcPrintOnlyOnFailureTestExecutionListener, org.springframework.boot.test.autoconfigure.web.servlet.WebDriverTestExecutionListener, org.springframework.boot.test.autoconfigure.webservices.client.MockWebServiceServerTestExecutionListener, org.springframework.boot.test.mock.mockito.MockitoTestExecutionListener, org.springframework.boot.test.mock.mockito.ResetMocksTestExecutionListener, org.springframework.test.context.web.ServletTestExecutionListener, org.springframework.test.context.support.DirtiesContextBeforeModesTestExecutionListener, org.springframework.test.context.event.ApplicationEventsTestExecutionListener, org.springframework.test.context.support.DependencyInjectionTestExecutionListener, org.springframework.test.context.support.DirtiesContextTestExecutionListener, org.springframework.test.context.transaction.TransactionalTestExecutionListener, org.springframework.test.context.jdbc.SqlScriptsTestExecutionListener, org.springframework.test.context.event.EventPublishingTestExecutionListener]
17:00:44.144 [Test worker] DEBUG org.springframework.boot.test.context.SpringBootTestContextBootstrapper - Skipping candidate TestExecutionListener [org.springframework.test.context.transaction.TransactionalTestExecutionListener] due to a missing dependency. Specify custom listener classes or make the default listener classes and their required dependencies available. Offending class: [org/springframework/transaction/TransactionDefinition]
17:00:44.144 [Test worker] DEBUG org.springframework.boot.test.context.SpringBootTestContextBootstrapper - Skipping candidate TestExecutionListener [org.springframework.test.context.jdbc.SqlScriptsTestExecutionListener] due to a missing dependency. Specify custom listener classes or make the default listener classes and their required dependencies available. Offending class: [org/springframework/transaction/interceptor/TransactionAttribute]
17:00:44.144 [Test worker] INFO org.springframework.boot.test.context.SpringBootTestContextBootstrapper - Using TestExecutionListeners: [org.springframework.test.context.web.ServletTestExecutionListener@3e587920, org.springframework.test.context.support.DirtiesContextBeforeModesTestExecutionListener@2ef8a8c3, org.springframework.test.context.event.ApplicationEventsTestExecutionListener@24f43aa3, org.springframework.boot.test.mock.mockito.MockitoTestExecutionListener@63fd4873, org.springframework.boot.test.autoconfigure.SpringBootDependencyInjectionTestExecutionListener@1e11bc55, org.springframework.test.context.support.DirtiesContextTestExecutionListener@7544a1e4, org.springframework.test.context.event.EventPublishingTestExecutionListener@70e0accd, org.springframework.boot.test.autoconfigure.restdocs.RestDocsTestExecutionListener@7957dc72, org.springframework.boot.test.autoconfigure.web.client.MockRestServiceServerResetTestExecutionListener@6ab72419, org.springframework.boot.test.autoconfigure.web.servlet.MockMvcPrintOnlyOnFailureTestExecutionListener@3aacf32a, org.springframework.boot.test.autoconfigure.web.servlet.WebDriverTestExecutionListener@4fdfa676, org.springframework.boot.test.autoconfigure.webservices.client.MockWebServiceServerTestExecutionListener@82c57b3, org.springframework.boot.test.mock.mockito.ResetMocksTestExecutionListener@5be82d43]
17:00:44.148 [Test worker] DEBUG org.springframework.test.context.support.AbstractDirtiesContextTestExecutionListener - Before test class: context [DefaultTestContext@31c269fd testClass = D104ApplicationTests, testInstance = [null], testMethod = [null], testException = [null], mergedContextConfiguration = [WebMergedContextConfiguration@372b0d86 testClass = D104ApplicationTests, locations = '{}', classes = '{class d104.d104.D104Application}', contextInitializerClasses = '[]', activeProfiles = '{}', propertySourceLocations = '{}', propertySourceProperties = '{org.springframework.boot.test.context.SpringBootTestContextBootstrapper=true}', contextCustomizers = set[org.springframework.boot.test.autoconfigure.actuate.metrics.MetricsExportContextCustomizerFactory$DisableMetricExportContextCustomizer@5bd82fed, org.springframework.boot.test.autoconfigure.properties.PropertyMappingContextCustomizer@0, org.springframework.boot.test.autoconfigure.web.servlet.WebDriverContextCustomizerFactory$Customizer@6f0b0a5e, org.springframework.boot.test.context.filter.ExcludeFilterContextCustomizer@478ee483, org.springframework.boot.test.json.DuplicateJsonObjectContextCustomizerFactory$DuplicateJsonObjectContextCustomizer@665df3c6, org.springframework.boot.test.mock.mockito.MockitoContextCustomizer@0, org.springframework.boot.test.web.client.TestRestTemplateContextCustomizer@60641ec8, org.springframework.boot.test.context.SpringBootTestArgs@1, org.springframework.boot.test.context.SpringBootTestWebEnvironment@7d61eb55], resourceBasePath = 'src/main/webapp', contextLoader = 'org.springframework.boot.test.context.SpringBootContextLoader', parent = [null]], attributes = map['org.springframework.test.context.web.ServletTestExecutionListener.activateListener' -> true]], class annotated with @DirtiesContext [false] with mode [null].

  .   ____          _            __ _ _
 /\\ / ___'_ __ _ _(_)_ __  __ _ \ \ \ \
( ( )\___ | '_ | '_| | '_ \/ _` | \ \ \ \
 \\/  ___)| |_)| | | | | || (_| |  ) ) ) )
  '  |____| .__|_| |_|_| |_\__, | / / / /
 =========|_|==============|___/=/_/_/_/
 :: Spring Boot ::                (v2.7.8)

2023-02-24 17:00:44.526  INFO 29336 --- [    Test worker] d104.d104.D104ApplicationTests           : Starting D104ApplicationTests using Java 11.0.1 on DESKTOP-KVCQHCD with PID 29336 (started by multicampus in C:\Users\multicampus\Desktop\jenkins\jenkins\d104)
2023-02-24 17:00:44.527  INFO 29336 --- [    Test worker] d104.d104.D104ApplicationTests           : No active profile set, falling back to 1 default profile: "default"
2023-02-24 17:00:45.854  INFO 29336 --- [    Test worker] d104.d104.D104ApplicationTests           : Started D104ApplicationTests in 1.656 seconds (JVM running for 3.757)
]]></system-out>
  <system-err><![CDATA[]]></system-err>
</testsuite>
